<?xml version="1.0" encoding="UTF-8"?>
<testsuite name="TwoferTest" tests="3" skipped="0" failures="0" errors="0" timestamp="2022-09-06T19:48:13" hostname="DESKTOP-4Q4N5GF" time="0.05">
  <properties/>
  <testcase name="noNameGiven" classname="TwoferTest" time="0.045"/>
  <testcase name="aNameGiven" classname="TwoferTest" time="0.005"/>
  <testcase name="anotherNameGiven" classname="TwoferTest" time="0.0"/>
  <system-out><![CDATA[]]></system-out>
  <system-err><![CDATA[]]></system-err>
</testsuite>
